[debug] [2021-08-19T14:23:29.220Z] ----------------------------------------------------------------------
[debug] [2021-08-19T14:23:29.222Z] Command:       /usr/bin/node /usr/bin/firebase deploy
[debug] [2021-08-19T14:23:29.223Z] CLI Version:   9.16.5
[debug] [2021-08-19T14:23:29.223Z] Platform:      linux
[debug] [2021-08-19T14:23:29.223Z] Node Version:  v14.17.5
[debug] [2021-08-19T14:23:29.223Z] Time:          Thu Aug 19 2021 19:53:29 GMT+0530 (India Standard Time)
[debug] [2021-08-19T14:23:29.224Z] ----------------------------------------------------------------------
[debug] 
[debug] [2021-08-19T14:23:29.369Z] > command requires scopes: ["email","openid","https://www.googleapis.com/auth/cloudplatformprojects.readonly","https://www.googleapis.com/auth/firebase","https://www.googleapis.com/auth/cloud-platform"]
[debug] [2021-08-19T14:23:29.369Z] > authorizing via signed-in user (nikhilkavathiya@gmail.com)
[debug] [2021-08-19T14:23:29.369Z] [iam] checking project nikhil-kavathiya-4a985 for permissions ["firebase.projects.get","firebasehosting.sites.update"]
[debug] [2021-08-19T14:23:29.372Z] > refreshing access token with scopes: ["email","https://www.googleapis.com/auth/cloud-platform","https://www.googleapis.com/auth/cloudplatformprojects.readonly","https://www.googleapis.com/auth/firebase","openid"]
[debug] [2021-08-19T14:23:29.372Z] >>> HTTP REQUEST POST https://www.googleapis.com/oauth2/v3/token  
 <request body omitted>
[debug] [2021-08-19T14:23:29.956Z] <<< HTTP RESPONSE 200 {"pragma":"no-cache","cache-control":"no-cache, no-store, max-age=0, must-revalidate","date":"Thu, 19 Aug 2021 14:23:29 GMT","expires":"Mon, 01 Jan 1990 00:00:00 GMT","content-type":"application/json; charset=utf-8","vary":"X-Origin, Referer, Origin,Accept-Encoding","server":"scaffolding on HTTPServer2","x-xss-protection":"0","x-frame-options":"SAMEORIGIN","x-content-type-options":"nosniff","alt-svc":"h3=\":443\"; ma=2592000,h3-29=\":443\"; ma=2592000,h3-T051=\":443\"; ma=2592000,h3-Q050=\":443\"; ma=2592000,h3-Q046=\":443\"; ma=2592000,h3-Q043=\":443\"; ma=2592000,quic=\":443\"; ma=2592000; v=\"46,43\"","accept-ranges":"none","transfer-encoding":"chunked"}
[debug] [2021-08-19T14:23:30.086Z] >>> HTTP REQUEST POST https://cloudresourcemanager.googleapis.com/v1/projects/nikhil-kavathiya-4a985:testIamPermissions  
 {"permissions":["firebase.projects.get","firebasehosting.sites.update"]}
[debug] [2021-08-19T14:23:32.055Z] <<< HTTP RESPONSE 200 {"content-type":"application/json; charset=UTF-8","vary":"X-Origin, Referer, Origin,Accept-Encoding","date":"Thu, 19 Aug 2021 14:23:31 GMT","server":"ESF","cache-control":"private","x-xss-protection":"0","x-frame-options":"SAMEORIGIN","x-content-type-options":"nosniff","server-timing":"gfet4t7; dur=1315","alt-svc":"h3=\":443\"; ma=2592000,h3-29=\":443\"; ma=2592000,h3-T051=\":443\"; ma=2592000,h3-Q050=\":443\"; ma=2592000,h3-Q046=\":443\"; ma=2592000,h3-Q043=\":443\"; ma=2592000,quic=\":443\"; ma=2592000; v=\"46,43\"","accept-ranges":"none","transfer-encoding":"chunked"}
[debug] [2021-08-19T14:23:32.060Z] > refreshing access token with scopes: []
[debug] [2021-08-19T14:23:32.060Z] >>> HTTP REQUEST POST https://www.googleapis.com/oauth2/v3/token  
 <request body omitted>
[debug] [2021-08-19T14:23:32.490Z] <<< HTTP RESPONSE 200 {"cache-control":"no-cache, no-store, max-age=0, must-revalidate","expires":"Mon, 01 Jan 1990 00:00:00 GMT","pragma":"no-cache","date":"Thu, 19 Aug 2021 14:23:32 GMT","content-type":"application/json; charset=utf-8","vary":"X-Origin, Referer, Origin,Accept-Encoding","server":"scaffolding on HTTPServer2","x-xss-protection":"0","x-frame-options":"SAMEORIGIN","x-content-type-options":"nosniff","alt-svc":"h3=\":443\"; ma=2592000,h3-29=\":443\"; ma=2592000,h3-T051=\":443\"; ma=2592000,h3-Q050=\":443\"; ma=2592000,h3-Q046=\":443\"; ma=2592000,h3-Q043=\":443\"; ma=2592000,quic=\":443\"; ma=2592000; v=\"46,43\"","accept-ranges":"none","transfer-encoding":"chunked"}
[debug] [2021-08-19T14:23:32.591Z] >>> [apiv2][query] GET https://firebase.googleapis.com/v1beta1/projects/nikhil-kavathiya-4a985 [none]
[debug] [2021-08-19T14:23:33.228Z] <<< [apiv2][status] GET https://firebase.googleapis.com/v1beta1/projects/nikhil-kavathiya-4a985 200
[debug] [2021-08-19T14:23:33.228Z] <<< [apiv2][body] GET https://firebase.googleapis.com/v1beta1/projects/nikhil-kavathiya-4a985 {"projectId":"nikhil-kavathiya-4a985","projectNumber":"360169865674","displayName":"Nikhil-kavathiya","name":"projects/nikhil-kavathiya-4a985","resources":{"hostingSite":"nikhil-kavathiya-4a985"},"state":"ACTIVE"}
[info] 
[info] === Deploying to 'nikhil-kavathiya-4a985'...
[info] 
[info] i  deploying hosting 
[debug] [2021-08-19T14:23:33.235Z] > refreshing access token with scopes: ["email","https://www.googleapis.com/auth/cloud-platform","https://www.googleapis.com/auth/cloudplatformprojects.readonly","https://www.googleapis.com/auth/firebase","openid"]
[debug] [2021-08-19T14:23:33.235Z] >>> HTTP REQUEST POST https://www.googleapis.com/oauth2/v3/token  
 <request body omitted>
[debug] [2021-08-19T14:23:33.733Z] <<< HTTP RESPONSE 200 {"date":"Thu, 19 Aug 2021 14:23:33 GMT","cache-control":"no-cache, no-store, max-age=0, must-revalidate","expires":"Mon, 01 Jan 1990 00:00:00 GMT","pragma":"no-cache","content-type":"application/json; charset=utf-8","vary":"X-Origin, Referer, Origin,Accept-Encoding","server":"scaffolding on HTTPServer2","x-xss-protection":"0","x-frame-options":"SAMEORIGIN","x-content-type-options":"nosniff","alt-svc":"h3=\":443\"; ma=2592000,h3-29=\":443\"; ma=2592000,h3-T051=\":443\"; ma=2592000,h3-Q050=\":443\"; ma=2592000,h3-Q046=\":443\"; ma=2592000,h3-Q043=\":443\"; ma=2592000,quic=\":443\"; ma=2592000; v=\"46,43\"","accept-ranges":"none","transfer-encoding":"chunked"}
[debug] [2021-08-19T14:23:33.852Z] >>> HTTP REQUEST POST https://firebasehosting.googleapis.com/v1beta1/sites/nikhil-kavathiya-4a985/versions  
 {"config":{"rewrites":[{"glob":"**","path":"/index.html"}]},"labels":{"deployment-tool":"cli-firebase"}}
[debug] [2021-08-19T14:23:36.157Z] <<< HTTP RESPONSE 200 {"content-type":"application/json; charset=UTF-8","vary":"X-Origin, Referer, Origin,Accept-Encoding","date":"Thu, 19 Aug 2021 14:23:35 GMT","server":"ESF","cache-control":"private","x-xss-protection":"0","x-frame-options":"SAMEORIGIN","x-content-type-options":"nosniff","alt-svc":"h3=\":443\"; ma=2592000,h3-29=\":443\"; ma=2592000,h3-T051=\":443\"; ma=2592000,h3-Q050=\":443\"; ma=2592000,h3-Q046=\":443\"; ma=2592000,h3-Q043=\":443\"; ma=2592000,quic=\":443\"; ma=2592000; v=\"46,43\"","accept-ranges":"none","transfer-encoding":"chunked"}
[info] i  hosting[nikhil-kavathiya-4a985]: beginning deploy... 
[info] i  hosting[nikhil-kavathiya-4a985]: found 18 files in build 
[debug] [2021-08-19T14:23:36.696Z] > refreshing access token with scopes: []
[debug] [2021-08-19T14:23:36.697Z] >>> HTTP REQUEST POST https://www.googleapis.com/oauth2/v3/token  
 <request body omitted>
[debug] [2021-08-19T14:23:36.699Z] [hosting] hash cache [YnVpbGQ] stored for 18 files
[debug] [2021-08-19T14:23:36.699Z] [hosting][hash queue][FINAL] {"max":515,"min":18,"avg":53.27777777777778,"active":0,"complete":18,"success":18,"errored":0,"retried":0,"total":18,"elapsed":522}
[debug] [2021-08-19T14:23:37.518Z] <<< HTTP RESPONSE 200 {"cache-control":"no-cache, no-store, max-age=0, must-revalidate","pragma":"no-cache","date":"Thu, 19 Aug 2021 14:23:37 GMT","expires":"Mon, 01 Jan 1990 00:00:00 GMT","content-type":"application/json; charset=utf-8","vary":"X-Origin, Referer, Origin,Accept-Encoding","server":"scaffolding on HTTPServer2","x-xss-protection":"0","x-frame-options":"SAMEORIGIN","x-content-type-options":"nosniff","alt-svc":"h3=\":443\"; ma=2592000,h3-29=\":443\"; ma=2592000,h3-T051=\":443\"; ma=2592000,h3-Q050=\":443\"; ma=2592000,h3-Q046=\":443\"; ma=2592000,h3-Q043=\":443\"; ma=2592000,quic=\":443\"; ma=2592000; v=\"46,43\"","accept-ranges":"none","transfer-encoding":"chunked"}
[debug] [2021-08-19T14:23:37.621Z] >>> [apiv2][query] POST https://firebasehosting.googleapis.com/v1beta1/sites/nikhil-kavathiya-4a985/versions/8c9fe070f37cb00f:populateFiles [none]
[debug] [2021-08-19T14:23:37.621Z] >>> [apiv2][body] POST https://firebasehosting.googleapis.com/v1beta1/sites/nikhil-kavathiya-4a985/versions/8c9fe070f37cb00f:populateFiles {"files":{"/asset-manifest.json":"666d340bd87e7c2056e6236de0437967db0cbba0deb655f3256777af267b9124","/index.html":"ae96e5fe54f7c171373bf35407f34eeb44cd83fe3f090820ac87a0348be30434","/manifest.json":"ed7b98046be74c7d1476b73ebb8cd1f00c2b34443af1525af60b9dd20be9fb9a","/static/css/main.3963d813.chunk.css":"d2689d421d0adbb2ce88f6580cae1a5bf0ee3c73867b2e87304a9fa709e94028","/static/css/main.3963d813.chunk.css.map":"e3b55df33c4dbccb93fbed40665ef6f7184b0a0322d73fc1e2b005d5b8a85db6","/static/js/2.ac1aafd0.chunk.js.LICENSE.txt":"1b58e6df1aa4de361cd5d09ebcbd08eb1facbcfbff42b1b4338a3128c7507779","/static/js/3.5d153aca.chunk.js":"ab2b3d411a0c20ed33a96e2c103b8fbcd54ec8f2e146dda29ea1902e8e813174","/static/js/3.5d153aca.chunk.js.map":"cfdabd8ff7211e4ed2198179428d6a71e1fb8e6a11e2e253ca61278668942c82","/static/js/runtime-main.445c07b2.js":"214b70b0078e70f99b15eb7e587f25d06df6af0e02a0b08b270569a5533759f0","/static/js/runtime-main.445c07b2.js.map":"95aab42cde740a8a61d289415049b7324fa1215a7913505d208c780870eb38da","/static/js/main.05727a7e.chunk.js":"c0ec5fdcaa7ab68309d39db3a3364d37dbe3d9e0b34b24b76c77fba40536f260","/static/js/main.05727a7e.chunk.js.map":"b1c395abc87b3b535baf29eaf731a789d4c903d15a48e0a97729a58459a5f3fc","/static/media/logo1.ba7ad306.png":"3ed2f445266a2950c66980ab7f40c5d9be04eb64a503663aaa5bfe718a411f1d","/Navlogo.png":"abe71e6768b167980b1237e08bcacf6a4bb1459d8a21e4c830a6263577fbbdbb","/static/media/NikhilKavathiya.608c4f07.pdf":"e9ade46f7755a3ae5033d9e9d37f94db93b41a3778f3342d752ec4944dc240f9","/static/js/2.ac1aafd0.chunk.js":"b34990298e833de11260d9e3360479a903df7ff6d0b3a163856aaf33acc98ac9","/static/media/Logo_Rm.6eeae8c0.png":"6d51e92cd006f12761d05abb49dd7f137f0bd8e37a7c5736d86c5a124b41f055","/static/js/2.ac1aafd0.chunk.js.map":"22c42cebd23340f885ba0a91c9238deceff54503472340f3c4c30efbd445d869"}}
[debug] [2021-08-19T14:23:39.867Z] <<< [apiv2][status] POST https://firebasehosting.googleapis.com/v1beta1/sites/nikhil-kavathiya-4a985/versions/8c9fe070f37cb00f:populateFiles 200
[debug] [2021-08-19T14:23:39.868Z] <<< [apiv2][body] POST https://firebasehosting.googleapis.com/v1beta1/sites/nikhil-kavathiya-4a985/versions/8c9fe070f37cb00f:populateFiles {"uploadRequiredHashes":["d2689d421d0adbb2ce88f6580cae1a5bf0ee3c73867b2e87304a9fa709e94028","cfdabd8ff7211e4ed2198179428d6a71e1fb8e6a11e2e253ca61278668942c82","ab2b3d411a0c20ed33a96e2c103b8fbcd54ec8f2e146dda29ea1902e8e813174","c0ec5fdcaa7ab68309d39db3a3364d37dbe3d9e0b34b24b76c77fba40536f260","666d340bd87e7c2056e6236de0437967db0cbba0deb655f3256777af267b9124","214b70b0078e70f99b15eb7e587f25d06df6af0e02a0b08b270569a5533759f0","b34990298e833de11260d9e3360479a903df7ff6d0b3a163856aaf33acc98ac9","95aab42cde740a8a61d289415049b7324fa1215a7913505d208c780870eb38da","e3b55df33c4dbccb93fbed40665ef6f7184b0a0322d73fc1e2b005d5b8a85db6","b1c395abc87b3b535baf29eaf731a789d4c903d15a48e0a97729a58459a5f3fc","22c42cebd23340f885ba0a91c9238deceff54503472340f3c4c30efbd445d869","ae96e5fe54f7c171373bf35407f34eeb44cd83fe3f090820ac87a0348be30434"],"uploadUrl":"https://upload-firebasehosting.googleapis.com/upload/sites/nikhil-kavathiya-4a985/versions/8c9fe070f37cb00f/files"}
[debug] [2021-08-19T14:23:39.873Z] >>> [apiv2][query] POST https://upload-firebasehosting.googleapis.com/upload/sites/nikhil-kavathiya-4a985/versions/8c9fe070f37cb00f/files/d2689d421d0adbb2ce88f6580cae1a5bf0ee3c73867b2e87304a9fa709e94028 [none]
[debug] [2021-08-19T14:23:39.873Z] >>> [apiv2][body] POST https://upload-firebasehosting.googleapis.com/upload/sites/nikhil-kavathiya-4a985/versions/8c9fe070f37cb00f/files/d2689d421d0adbb2ce88f6580cae1a5bf0ee3c73867b2e87304a9fa709e94028 [stream]
[debug] [2021-08-19T14:23:39.875Z] >>> [apiv2][query] POST https://upload-firebasehosting.googleapis.com/upload/sites/nikhil-kavathiya-4a985/versions/8c9fe070f37cb00f/files/cfdabd8ff7211e4ed2198179428d6a71e1fb8e6a11e2e253ca61278668942c82 [none]
[debug] [2021-08-19T14:23:39.875Z] >>> [apiv2][body] POST https://upload-firebasehosting.googleapis.com/upload/sites/nikhil-kavathiya-4a985/versions/8c9fe070f37cb00f/files/cfdabd8ff7211e4ed2198179428d6a71e1fb8e6a11e2e253ca61278668942c82 [stream]
[debug] [2021-08-19T14:23:39.876Z] >>> [apiv2][query] POST https://upload-firebasehosting.googleapis.com/upload/sites/nikhil-kavathiya-4a985/versions/8c9fe070f37cb00f/files/ab2b3d411a0c20ed33a96e2c103b8fbcd54ec8f2e146dda29ea1902e8e813174 [none]
[debug] [2021-08-19T14:23:39.876Z] >>> [apiv2][body] POST https://upload-firebasehosting.googleapis.com/upload/sites/nikhil-kavathiya-4a985/versions/8c9fe070f37cb00f/files/ab2b3d411a0c20ed33a96e2c103b8fbcd54ec8f2e146dda29ea1902e8e813174 [stream]
[debug] [2021-08-19T14:23:39.877Z] >>> [apiv2][query] POST https://upload-firebasehosting.googleapis.com/upload/sites/nikhil-kavathiya-4a985/versions/8c9fe070f37cb00f/files/c0ec5fdcaa7ab68309d39db3a3364d37dbe3d9e0b34b24b76c77fba40536f260 [none]
[debug] [2021-08-19T14:23:39.878Z] >>> [apiv2][body] POST https://upload-firebasehosting.googleapis.com/upload/sites/nikhil-kavathiya-4a985/versions/8c9fe070f37cb00f/files/c0ec5fdcaa7ab68309d39db3a3364d37dbe3d9e0b34b24b76c77fba40536f260 [stream]
[debug] [2021-08-19T14:23:39.879Z] >>> [apiv2][query] POST https://upload-firebasehosting.googleapis.com/upload/sites/nikhil-kavathiya-4a985/versions/8c9fe070f37cb00f/files/666d340bd87e7c2056e6236de0437967db0cbba0deb655f3256777af267b9124 [none]
[debug] [2021-08-19T14:23:39.879Z] >>> [apiv2][body] POST https://upload-firebasehosting.googleapis.com/upload/sites/nikhil-kavathiya-4a985/versions/8c9fe070f37cb00f/files/666d340bd87e7c2056e6236de0437967db0cbba0deb655f3256777af267b9124 [stream]
[debug] [2021-08-19T14:23:39.880Z] >>> [apiv2][query] POST https://upload-firebasehosting.googleapis.com/upload/sites/nikhil-kavathiya-4a985/versions/8c9fe070f37cb00f/files/214b70b0078e70f99b15eb7e587f25d06df6af0e02a0b08b270569a5533759f0 [none]
[debug] [2021-08-19T14:23:39.880Z] >>> [apiv2][body] POST https://upload-firebasehosting.googleapis.com/upload/sites/nikhil-kavathiya-4a985/versions/8c9fe070f37cb00f/files/214b70b0078e70f99b15eb7e587f25d06df6af0e02a0b08b270569a5533759f0 [stream]
[debug] [2021-08-19T14:23:39.884Z] >>> [apiv2][query] POST https://upload-firebasehosting.googleapis.com/upload/sites/nikhil-kavathiya-4a985/versions/8c9fe070f37cb00f/files/b34990298e833de11260d9e3360479a903df7ff6d0b3a163856aaf33acc98ac9 [none]
[debug] [2021-08-19T14:23:39.884Z] >>> [apiv2][body] POST https://upload-firebasehosting.googleapis.com/upload/sites/nikhil-kavathiya-4a985/versions/8c9fe070f37cb00f/files/b34990298e833de11260d9e3360479a903df7ff6d0b3a163856aaf33acc98ac9 [stream]
[debug] [2021-08-19T14:23:39.886Z] >>> [apiv2][query] POST https://upload-firebasehosting.googleapis.com/upload/sites/nikhil-kavathiya-4a985/versions/8c9fe070f37cb00f/files/95aab42cde740a8a61d289415049b7324fa1215a7913505d208c780870eb38da [none]
[debug] [2021-08-19T14:23:39.886Z] >>> [apiv2][body] POST https://upload-firebasehosting.googleapis.com/upload/sites/nikhil-kavathiya-4a985/versions/8c9fe070f37cb00f/files/95aab42cde740a8a61d289415049b7324fa1215a7913505d208c780870eb38da [stream]
[debug] [2021-08-19T14:23:39.887Z] >>> [apiv2][query] POST https://upload-firebasehosting.googleapis.com/upload/sites/nikhil-kavathiya-4a985/versions/8c9fe070f37cb00f/files/e3b55df33c4dbccb93fbed40665ef6f7184b0a0322d73fc1e2b005d5b8a85db6 [none]
[debug] [2021-08-19T14:23:39.887Z] >>> [apiv2][body] POST https://upload-firebasehosting.googleapis.com/upload/sites/nikhil-kavathiya-4a985/versions/8c9fe070f37cb00f/files/e3b55df33c4dbccb93fbed40665ef6f7184b0a0322d73fc1e2b005d5b8a85db6 [stream]
[debug] [2021-08-19T14:23:39.888Z] >>> [apiv2][query] POST https://upload-firebasehosting.googleapis.com/upload/sites/nikhil-kavathiya-4a985/versions/8c9fe070f37cb00f/files/b1c395abc87b3b535baf29eaf731a789d4c903d15a48e0a97729a58459a5f3fc [none]
[debug] [2021-08-19T14:23:39.889Z] >>> [apiv2][body] POST https://upload-firebasehosting.googleapis.com/upload/sites/nikhil-kavathiya-4a985/versions/8c9fe070f37cb00f/files/b1c395abc87b3b535baf29eaf731a789d4c903d15a48e0a97729a58459a5f3fc [stream]
[debug] [2021-08-19T14:23:39.890Z] >>> [apiv2][query] POST https://upload-firebasehosting.googleapis.com/upload/sites/nikhil-kavathiya-4a985/versions/8c9fe070f37cb00f/files/22c42cebd23340f885ba0a91c9238deceff54503472340f3c4c30efbd445d869 [none]
[debug] [2021-08-19T14:23:39.890Z] >>> [apiv2][body] POST https://upload-firebasehosting.googleapis.com/upload/sites/nikhil-kavathiya-4a985/versions/8c9fe070f37cb00f/files/22c42cebd23340f885ba0a91c9238deceff54503472340f3c4c30efbd445d869 [stream]
[debug] [2021-08-19T14:23:39.891Z] >>> [apiv2][query] POST https://upload-firebasehosting.googleapis.com/upload/sites/nikhil-kavathiya-4a985/versions/8c9fe070f37cb00f/files/ae96e5fe54f7c171373bf35407f34eeb44cd83fe3f090820ac87a0348be30434 [none]
[debug] [2021-08-19T14:23:39.892Z] >>> [apiv2][body] POST https://upload-firebasehosting.googleapis.com/upload/sites/nikhil-kavathiya-4a985/versions/8c9fe070f37cb00f/files/ae96e5fe54f7c171373bf35407f34eeb44cd83fe3f090820ac87a0348be30434 [stream]
[debug] [2021-08-19T14:23:39.893Z] [hosting][populate queue][FINAL] {"max":3177,"min":3177,"avg":3177,"active":0,"complete":1,"success":1,"errored":0,"retried":0,"total":1,"elapsed":3197}
[debug] [2021-08-19T14:23:39.895Z] [hosting] uploads queued: 12
[debug] [2021-08-19T14:23:45.486Z] <<< [apiv2][status] POST https://upload-firebasehosting.googleapis.com/upload/sites/nikhil-kavathiya-4a985/versions/8c9fe070f37cb00f/files/666d340bd87e7c2056e6236de0437967db0cbba0deb655f3256777af267b9124 200
[debug] [2021-08-19T14:23:45.487Z] <<< [apiv2][body] POST https://upload-firebasehosting.googleapis.com/upload/sites/nikhil-kavathiya-4a985/versions/8c9fe070f37cb00f/files/666d340bd87e7c2056e6236de0437967db0cbba0deb655f3256777af267b9124 [stream]
[debug] [2021-08-19T14:23:46.896Z] <<< [apiv2][status] POST https://upload-firebasehosting.googleapis.com/upload/sites/nikhil-kavathiya-4a985/versions/8c9fe070f37cb00f/files/ab2b3d411a0c20ed33a96e2c103b8fbcd54ec8f2e146dda29ea1902e8e813174 200
[debug] [2021-08-19T14:23:46.897Z] <<< [apiv2][body] POST https://upload-firebasehosting.googleapis.com/upload/sites/nikhil-kavathiya-4a985/versions/8c9fe070f37cb00f/files/ab2b3d411a0c20ed33a96e2c103b8fbcd54ec8f2e146dda29ea1902e8e813174 [stream]
[debug] [2021-08-19T14:23:47.721Z] <<< [apiv2][status] POST https://upload-firebasehosting.googleapis.com/upload/sites/nikhil-kavathiya-4a985/versions/8c9fe070f37cb00f/files/d2689d421d0adbb2ce88f6580cae1a5bf0ee3c73867b2e87304a9fa709e94028 200
[debug] [2021-08-19T14:23:47.721Z] <<< [apiv2][body] POST https://upload-firebasehosting.googleapis.com/upload/sites/nikhil-kavathiya-4a985/versions/8c9fe070f37cb00f/files/d2689d421d0adbb2ce88f6580cae1a5bf0ee3c73867b2e87304a9fa709e94028 [stream]
[debug] [2021-08-19T14:23:49.707Z] <<< [apiv2][status] POST https://upload-firebasehosting.googleapis.com/upload/sites/nikhil-kavathiya-4a985/versions/8c9fe070f37cb00f/files/214b70b0078e70f99b15eb7e587f25d06df6af0e02a0b08b270569a5533759f0 200
[debug] [2021-08-19T14:23:49.707Z] <<< [apiv2][body] POST https://upload-firebasehosting.googleapis.com/upload/sites/nikhil-kavathiya-4a985/versions/8c9fe070f37cb00f/files/214b70b0078e70f99b15eb7e587f25d06df6af0e02a0b08b270569a5533759f0 [stream]
[debug] [2021-08-19T14:23:49.867Z] <<< [apiv2][status] POST https://upload-firebasehosting.googleapis.com/upload/sites/nikhil-kavathiya-4a985/versions/8c9fe070f37cb00f/files/ae96e5fe54f7c171373bf35407f34eeb44cd83fe3f090820ac87a0348be30434 200
[debug] [2021-08-19T14:23:49.868Z] <<< [apiv2][body] POST https://upload-firebasehosting.googleapis.com/upload/sites/nikhil-kavathiya-4a985/versions/8c9fe070f37cb00f/files/ae96e5fe54f7c171373bf35407f34eeb44cd83fe3f090820ac87a0348be30434 [stream]
[debug] [2021-08-19T14:23:50.459Z] <<< [apiv2][status] POST https://upload-firebasehosting.googleapis.com/upload/sites/nikhil-kavathiya-4a985/versions/8c9fe070f37cb00f/files/95aab42cde740a8a61d289415049b7324fa1215a7913505d208c780870eb38da 200
[debug] [2021-08-19T14:23:50.459Z] <<< [apiv2][body] POST https://upload-firebasehosting.googleapis.com/upload/sites/nikhil-kavathiya-4a985/versions/8c9fe070f37cb00f/files/95aab42cde740a8a61d289415049b7324fa1215a7913505d208c780870eb38da [stream]
[debug] [2021-08-19T14:23:54.231Z] <<< [apiv2][status] POST https://upload-firebasehosting.googleapis.com/upload/sites/nikhil-kavathiya-4a985/versions/8c9fe070f37cb00f/files/cfdabd8ff7211e4ed2198179428d6a71e1fb8e6a11e2e253ca61278668942c82 200
[debug] [2021-08-19T14:23:54.232Z] <<< [apiv2][body] POST https://upload-firebasehosting.googleapis.com/upload/sites/nikhil-kavathiya-4a985/versions/8c9fe070f37cb00f/files/cfdabd8ff7211e4ed2198179428d6a71e1fb8e6a11e2e253ca61278668942c82 [stream]
[debug] [2021-08-19T14:23:56.048Z] <<< [apiv2][status] POST https://upload-firebasehosting.googleapis.com/upload/sites/nikhil-kavathiya-4a985/versions/8c9fe070f37cb00f/files/b1c395abc87b3b535baf29eaf731a789d4c903d15a48e0a97729a58459a5f3fc 200
[debug] [2021-08-19T14:23:56.048Z] <<< [apiv2][body] POST https://upload-firebasehosting.googleapis.com/upload/sites/nikhil-kavathiya-4a985/versions/8c9fe070f37cb00f/files/b1c395abc87b3b535baf29eaf731a789d4c903d15a48e0a97729a58459a5f3fc [stream]
[debug] [2021-08-19T14:23:56.312Z] <<< [apiv2][status] POST https://upload-firebasehosting.googleapis.com/upload/sites/nikhil-kavathiya-4a985/versions/8c9fe070f37cb00f/files/b34990298e833de11260d9e3360479a903df7ff6d0b3a163856aaf33acc98ac9 200
[debug] [2021-08-19T14:23:56.312Z] <<< [apiv2][body] POST https://upload-firebasehosting.googleapis.com/upload/sites/nikhil-kavathiya-4a985/versions/8c9fe070f37cb00f/files/b34990298e833de11260d9e3360479a903df7ff6d0b3a163856aaf33acc98ac9 [stream]
[debug] [2021-08-19T14:23:57.192Z] <<< [apiv2][status] POST https://upload-firebasehosting.googleapis.com/upload/sites/nikhil-kavathiya-4a985/versions/8c9fe070f37cb00f/files/c0ec5fdcaa7ab68309d39db3a3364d37dbe3d9e0b34b24b76c77fba40536f260 200
[debug] [2021-08-19T14:23:57.192Z] <<< [apiv2][body] POST https://upload-firebasehosting.googleapis.com/upload/sites/nikhil-kavathiya-4a985/versions/8c9fe070f37cb00f/files/c0ec5fdcaa7ab68309d39db3a3364d37dbe3d9e0b34b24b76c77fba40536f260 [stream]
[debug] [2021-08-19T14:24:00.333Z] <<< [apiv2][status] POST https://upload-firebasehosting.googleapis.com/upload/sites/nikhil-kavathiya-4a985/versions/8c9fe070f37cb00f/files/e3b55df33c4dbccb93fbed40665ef6f7184b0a0322d73fc1e2b005d5b8a85db6 200
[debug] [2021-08-19T14:24:00.333Z] <<< [apiv2][body] POST https://upload-firebasehosting.googleapis.com/upload/sites/nikhil-kavathiya-4a985/versions/8c9fe070f37cb00f/files/e3b55df33c4dbccb93fbed40665ef6f7184b0a0322d73fc1e2b005d5b8a85db6 [stream]
